
> my-project@0.1.0 dev
> next dev

⚠ turbopack.root should be absolute, using: /Users/bambo/Documents/WEBSITE/web_PLATANO_01
▲ Next.js 16.1.6 (Turbopack)
- Local:         http://localhost:3000
- Network:       http://192.168.1.70:3000
- Environments: .env.local

✓ Starting...
✓ Ready in 827ms
 GET / 200 in 742ms (compile: 538ms, render: 204ms)
 POST /api/create-payment-intent 200 in 610ms (compile: 81ms, render: 529ms)
 POST /api/checkout/session 200 in 714ms (compile: 121ms, render: 593ms)
 GET /checkout 200 in 128ms (compile: 44ms, render: 84ms)
 GET /checkout 200 in 44ms (compile: 2ms, render: 41ms)
 POST /api/checkout/session 200 in 454ms (compile: 6ms, render: 448ms)
 GET /checkout/cancel 404 in 134ms (compile: 68ms, render: 67ms)
 GET /checkout/cancel 404 in 46ms (compile: 4ms, render: 41ms)
 GET /checkout 200 in 66ms (compile: 8ms, render: 58ms)
 GET /checkout 200 in 78ms (compile: 4ms, render: 74ms)
 POST /api/checkout/session 200 in 389ms (compile: 6ms, render: 383ms)
 GET /checkout 200 in 45ms (compile: 4ms, render: 41ms)
 GET /checkout 200 in 73ms (compile: 2ms, render: 70ms)
✓ Compiled in 629ms
 POST /api/checkout/session 200 in 759ms (compile: 137ms, render: 621ms)
Error creating checkout session (/api/checkout/session): Not a valid URL
Error: Not a valid URL
    at generateV1Error (/Users/bambo/Documents/WEBSITE/web_PLATANO_01/.next/dev/server/chunks/node_modules_4c070bcb._.js:16146:20)
    at res.toJSON.then.__TURBOPACK__imported__module__$5b$project$5d2f$node_modules$2f$stripe$2f$esm$2f$Error$2e$js__$5b$app$2d$route$5d$__$28$ecmascript$29$__.StripeAPIError.message (/Users/bambo/Documents/WEBSITE/web_PLATANO_01/.next/dev/server/chunks/node_modules_4c070bcb._.js:16501:191)
    at process.processTicksAndRejections (node:internal/process/task_queues:103:5)
 POST /api/checkout/session 500 in 225ms (compile: 8ms, render: 216ms)
Error creating checkout session (/api/checkout/session): Not a valid URL
Error: Not a valid URL
    at generateV1Error (/Users/bambo/Documents/WEBSITE/web_PLATANO_01/.next/dev/server/chunks/node_modules_4c070bcb._.js:16146:20)
    at res.toJSON.then.__TURBOPACK__imported__module__$5b$project$5d2f$node_modules$2f$stripe$2f$esm$2f$Error$2e$js__$5b$app$2d$route$5d$__$28$ecmascript$29$__.StripeAPIError.message (/Users/bambo/Documents/WEBSITE/web_PLATANO_01/.next/dev/server/chunks/node_modules_4c070bcb._.js:16501:191)
    at process.processTicksAndRejections (node:internal/process/task_queues:103:5)
 POST /api/checkout/session 500 in 214ms (compile: 3ms, render: 211ms)
Error creating checkout session (/api/checkout/session): Not a valid URL
Error: Not a valid URL
    at generateV1Error (/Users/bambo/Documents/WEBSITE/web_PLATANO_01/.next/dev/server/chunks/node_modules_4c070bcb._.js:16146:20)
    at res.toJSON.then.__TURBOPACK__imported__module__$5b$project$5d2f$node_modules$2f$stripe$2f$esm$2f$Error$2e$js__$5b$app$2d$route$5d$__$28$ecmascript$29$__.StripeAPIError.message (/Users/bambo/Documents/WEBSITE/web_PLATANO_01/.next/dev/server/chunks/node_modules_4c070bcb._.js:16501:191)
    at process.processTicksAndRejections (node:internal/process/task_queues:103:5)
 POST /api/checkout/session 500 in 212ms (compile: 3ms, render: 208ms)
 GET /checkout 200 in 57ms (compile: 8ms, render: 50ms)
 GET /checkout 200 in 77ms (compile: 2ms, render: 75ms)
 POST /api/checkout/session 200 in 672ms (compile: 64ms, render: 608ms)
 GET /checkout 200 in 45ms (compile: 3ms, render: 42ms)
 GET /checkout 200 in 38ms (compile: 1612µs, render: 37ms)
 POST /api/checkout/session 200 in 441ms (compile: 3ms, render: 438ms)
 POST /api/checkout/session 200 in 631ms (compile: 13ms, render: 617ms)
 GET /new-in 200 in 177ms (compile: 81ms, render: 96ms)
 GET /new-in 200 in 69ms (compile: 3ms, render: 67ms)
⚠ Blocked cross-origin request from 127.0.0.1 to /_next/* resource. To allow this, configure "allowedDevOrigins" in next.config
Read more: https://nextjs.org/docs/app/api-reference/config/next-config-js/allowedDevOrigins
 GET /checkout/cancel 404 in 102ms (compile: 54ms, render: 48ms)
 GET /checkout/cancel 404 in 34ms (compile: 2ms, render: 31ms)
 GET /checkout 200 in 296ms (compile: 152ms, render: 144ms)
 GET /checkout 200 in 42ms (compile: 4ms, render: 38ms)
⚠ Fast Refresh had to perform a full reload due to a runtime error.
✓ Compiled in 183ms
 GET /checkout 200 in 215ms (compile: 70ms, render: 144ms)
 GET /checkout 200 in 82ms (compile: 3ms, render: 79ms)
 GET /new-in 200 in 78ms (compile: 16ms, render: 62ms)
 GET /new-in 200 in 48ms (compile: 3ms, render: 45ms)
 GET /checkout 200 in 43ms (compile: 3ms, render: 39ms)
 GET /checkout 200 in 63ms (compile: 7ms, render: 57ms)
 GET /checkout 200 in 53ms (compile: 4ms, render: 48ms)
 GET /checkout 200 in 57ms (compile: 7ms, render: 50ms)
 GET /checkout 200 in 61ms (compile: 4ms, render: 56ms)
 GET /checkout 200 in 54ms (compile: 5ms, render: 49ms)
 GET /checkout 200 in 51ms (compile: 1929µs, render: 49ms)
 GET /new-in 200 in 52ms (compile: 6ms, render: 46ms)
 GET /new-in 200 in 52ms (compile: 1979µs, render: 50ms)
✓ Compiled in 61ms
✓ Compiled in 42ms
✓ Compiled in 44ms
✓ Compiled in 53ms
 GET /checkout 200 in 256ms (compile: 115ms, render: 141ms)
 GET /new-in 200 in 55ms (compile: 7ms, render: 48ms)
 GET /new-in 200 in 61ms (compile: 1838µs, render: 59ms)
 GET /new-in 200 in 98ms (compile: 12ms, render: 86ms)
 GET /new-in 200 in 82ms (compile: 3ms, render: 79ms)
✓ Compiled in 72ms
 GET /checkout 200 in 330ms (compile: 91ms, render: 239ms)
 GET /checkout 200 in 36ms (compile: 1879µs, render: 34ms)
⚠ Fast Refresh had to perform a full reload due to a runtime error.
✓ Compiled in 216ms
 GET /checkout 200 in 184ms (compile: 59ms, render: 124ms)
 GET /checkout 200 in 37ms (compile: 2ms, render: 35ms)
 GET /checkout 200 in 46ms (compile: 5ms, render: 42ms)
 GET /new-in 200 in 47ms (compile: 4ms, render: 42ms)
 GET /new-in 200 in 63ms (compile: 4ms, render: 59ms)
 GET /checkout 200 in 46ms (compile: 6ms, render: 40ms)
 GET /checkout 200 in 45ms (compile: 1982µs, render: 43ms)
 GET /checkout 200 in 45ms (compile: 4ms, render: 41ms)
 GET /checkout 200 in 40ms (compile: 1933µs, render: 38ms)
 GET / 200 in 26ms (compile: 8ms, render: 19ms)
 GET /SC26/gif%20collar.gif 404 in 69ms (compile: 20ms, render: 49ms)
 GET /s26 200 in 211ms (compile: 193ms, render: 18ms)
 GET /s26 200 in 19ms (compile: 4ms, render: 15ms)
 GET / 200 in 17ms (compile: 3ms, render: 14ms)
 GET /SC26/gif%20collar.gif 404 in 67ms (compile: 13ms, render: 54ms)
 GET /new-in 200 in 20ms (compile: 6ms, render: 14ms)
 GET /new-in/7 200 in 488ms (compile: 467ms, render: 21ms)
 GET /new-in/9 200 in 23ms (compile: 9ms, render: 14ms)
 GET /new-in/7 200 in 26ms (compile: 9ms, render: 16ms)
 GET /checkout 200 in 24ms (compile: 8ms, render: 15ms)
 GET /checkout 200 in 39ms (compile: 3ms, render: 36ms)
 GET /checkout 200 in 61ms (compile: 7ms, render: 54ms)
 GET /checkout 200 in 65ms (compile: 4ms, render: 62ms)
✓ Compiled in 91ms
 GET /new-in 200 in 64ms (compile: 7ms, render: 58ms)
 GET /new-in 200 in 57ms (compile: 4ms, render: 53ms)
✓ Compiled in 68ms
 GET /checkout 200 in 242ms (compile: 83ms, render: 158ms)
 GET /checkout 200 in 44ms (compile: 2ms, render: 42ms)
 GET /checkout 200 in 48ms (compile: 1805µs, render: 46ms)
 GET /new-in 200 in 60ms (compile: 8ms, render: 53ms)
 GET /new-in 200 in 55ms (compile: 2ms, render: 53ms)
✓ Compiled in 42ms
 GET /new-in 200 in 56ms (compile: 7ms, render: 49ms)
 GET /new-in 200 in 47ms (compile: 1800µs, render: 46ms)
 GET /new-in 200 in 73ms (compile: 11ms, render: 62ms)
 GET /new-in 200 in 55ms (compile: 3ms, render: 53ms)
 GET /new-in 200 in 81ms (compile: 16ms, render: 65ms)
 GET /new-in 200 in 56ms (compile: 3ms, render: 54ms)
 GET /new-in 200 in 43ms (compile: 4ms, render: 39ms)
 GET /new-in 200 in 48ms (compile: 3ms, render: 45ms)
✓ Compiled in 61ms
 GET /new-in 200 in 118ms (compile: 32ms, render: 85ms)
 GET /new-in 200 in 49ms (compile: 1980µs, render: 47ms)
 GET /new-in 200 in 50ms (compile: 6ms, render: 44ms)
 GET /new-in 200 in 50ms (compile: 2ms, render: 48ms)
 GET /checkout 200 in 214ms (compile: 76ms, render: 138ms)
 GET /new-in 200 in 96ms (compile: 7ms, render: 89ms)
 GET /new-in 200 in 60ms (compile: 4ms, render: 55ms)
 GET /checkout 200 in 189ms (compile: 83ms, render: 106ms)
 GET /checkout 200 in 83ms (compile: 3ms, render: 80ms)
 GET /checkout 200 in 76ms (compile: 3ms, render: 74ms)
 GET /checkout 200 in 77ms (compile: 2ms, render: 75ms)
 GET /checkout 200 in 77ms (compile: 1534µs, render: 75ms)
 GET /checkout 200 in 77ms (compile: 1207µs, render: 76ms)
 GET /checkout 200 in 80ms (compile: 1736µs, render: 78ms)
 GET /checkout 200 in 82ms (compile: 2ms, render: 80ms)
 GET /checkout 200 in 81ms (compile: 1324µs, render: 80ms)
 GET /checkout 200 in 79ms (compile: 1163µs, render: 78ms)
 GET /checkout 200 in 68ms (compile: 1515µs, render: 66ms)
 GET /checkout 200 in 69ms (compile: 1304µs, render: 68ms)
 GET /checkout 200 in 67ms (compile: 1888µs, render: 65ms)
 GET /checkout 200 in 52ms (compile: 1875µs, render: 50ms)
 GET /checkout 200 in 36ms (compile: 2ms, render: 34ms)
 GET /checkout 200 in 20ms (compile: 2ms, render: 18ms)
 GET /checkout 200 in 167ms (compile: 101ms, render: 65ms)
 GET /checkout 200 in 78ms (compile: 2ms, render: 75ms)
 GET /checkout 200 in 74ms (compile: 1963µs, render: 72ms)
 GET /checkout 200 in 74ms (compile: 1616µs, render: 72ms)
 GET /checkout 200 in 73ms (compile: 1475µs, render: 71ms)
 GET /checkout 200 in 74ms (compile: 1310µs, render: 73ms)
 GET /checkout 200 in 75ms (compile: 1155µs, render: 74ms)
 GET /checkout 200 in 75ms (compile: 1420µs, render: 74ms)
 GET /checkout 200 in 73ms (compile: 1529µs, render: 71ms)
 GET /checkout 200 in 71ms (compile: 1425µs, render: 70ms)
 GET /checkout 200 in 71ms (compile: 1395µs, render: 69ms)
 GET /checkout 200 in 70ms (compile: 1556µs, render: 68ms)
 GET /checkout 200 in 69ms (compile: 1267µs, render: 68ms)
 GET /checkout 200 in 69ms (compile: 1180µs, render: 68ms)
 GET /checkout 200 in 57ms (compile: 1342µs, render: 55ms)
 GET /checkout 200 in 43ms (compile: 1511µs, render: 42ms)
 GET /checkout 200 in 27ms (compile: 1453µs, render: 25ms)
 GET /checkout 200 in 14ms (compile: 1216µs, render: 12ms)
✓ Compiled in 107ms
Error: Route "/checkout/success" used `searchParams.session_id`. `searchParams` is a Promise and must be unwrapped with `await` or `React.use()` before accessing its properties. Learn more: https://nextjs.org/docs/messages/sync-dynamic-apis
    at SuccessPage (app/checkout/success/page.tsx:9:35)
   7 |
   8 | export default function SuccessPage({ searchParams }: Props) {
>  9 |   const sessionId = Array.isArray(searchParams?.session_id) ? searchParams?.session_id[0] : searchParams?.session_id
     |                                   ^
  10 |
  11 |   return (
  12 |     <main className="min-h-screen flex items-center justify-center py-24 px-4">
⨯ Error: Invalid <Link> with <a> child. Please remove <a> or use <Link legacyBehavior>.
Learn more: https://nextjs.org/docs/messages/invalid-new-link-with-extra-anchor
    at ignore-listed frames {
  digest: '2127904097@E209'
}
 GET /checkout/success?session_id=test123 500 in 1727ms (compile: 1534ms, render: 193ms)
 GET /checkout 200 in 23ms (compile: 3ms, render: 20ms)
✓ Compiled in 70ms
 GET /new-in 200 in 112ms (compile: 28ms, render: 84ms)
 GET /new-in 200 in 56ms (compile: 1829µs, render: 54ms)
 GET /checkout/success?session_id=test123 200 in 241ms (compile: 129ms, render: 112ms)
 GET /new-in 200 in 89ms (compile: 21ms, render: 68ms)
 GET /new-in 200 in 74ms (compile: 3ms, render: 71ms)
 GET /checkout 200 in 201ms (compile: 129ms, render: 72ms)
 GET /checkout 200 in 73ms (compile: 2ms, render: 71ms)
 GET /checkout 200 in 74ms (compile: 6ms, render: 68ms)
 GET /checkout 200 in 63ms (compile: 3ms, render: 61ms)
 GET /checkout 200 in 78ms (compile: 1863µs, render: 76ms)
 GET /checkout 200 in 66ms (compile: 1490µs, render: 65ms)
 GET /checkout 200 in 79ms (compile: 2ms, render: 77ms)
 GET /checkout 200 in 67ms (compile: 1927µs, render: 65ms)
 GET /checkout 200 in 54ms (compile: 2ms, render: 52ms)
 GET /checkout 200 in 70ms (compile: 2ms, render: 67ms)
 GET /checkout 200 in 71ms (compile: 1302µs, render: 69ms)
 GET /checkout 200 in 109ms (compile: 7ms, render: 101ms)
 GET /checkout 200 in 101ms (compile: 1642µs, render: 100ms)
 GET /checkout 200 in 99ms (compile: 1704µs, render: 97ms)
 GET /checkout 200 in 96ms (compile: 1744µs, render: 95ms)
 GET /checkout 200 in 92ms (compile: 1945µs, render: 90ms)
 GET /checkout 200 in 70ms (compile: 1505µs, render: 69ms)
 GET /checkout 200 in 70ms (compile: 1657µs, render: 68ms)
 GET /checkout 200 in 70ms (compile: 1392µs, render: 69ms)
 GET /checkout 200 in 66ms (compile: 1377µs, render: 65ms)
 GET /checkout 200 in 67ms (compile: 1347µs, render: 66ms)
 GET /checkout 200 in 67ms (compile: 1189µs, render: 66ms)
 GET /checkout 200 in 67ms (compile: 3ms, render: 64ms)
 GET /checkout 200 in 70ms (compile: 1223µs, render: 69ms)
 GET /checkout 200 in 73ms (compile: 1203µs, render: 72ms)
 GET /checkout 200 in 74ms (compile: 1292µs, render: 73ms)
 GET /checkout 200 in 76ms (compile: 1369µs, render: 75ms)
 GET /checkout 200 in 76ms (compile: 1352µs, render: 74ms)
 GET /checkout 200 in 78ms (compile: 1874µs, render: 76ms)
 GET /checkout 200 in 82ms (compile: 1388µs, render: 81ms)
 GET /checkout 200 in 84ms (compile: 1528µs, render: 82ms)
 GET /checkout 200 in 82ms (compile: 1637µs, render: 81ms)
 GET /checkout 200 in 69ms (compile: 1247µs, render: 68ms)
 GET /checkout 200 in 49ms (compile: 5ms, render: 45ms)
 GET /checkout 200 in 30ms (compile: 1755µs, render: 29ms)
 GET /checkout 200 in 16ms (compile: 1556µs, render: 14ms)
 GET /new-in 200 in 180ms (compile: 35ms, render: 146ms)
 GET /new-in 200 in 59ms (compile: 3ms, render: 56ms)
 GET /new-in 200 in 95ms (compile: 23ms, render: 72ms)
 GET /new-in 200 in 65ms (compile: 2ms, render: 62ms)
 GET /new-in 200 in 113ms (compile: 14ms, render: 99ms)
 GET /new-in 200 in 65ms (compile: 2ms, render: 62ms)
 GET /new-in 200 in 59ms (compile: 8ms, render: 51ms)
 GET /new-in 200 in 49ms (compile: 2ms, render: 47ms)
 GET /new-in 200 in 70ms (compile: 8ms, render: 62ms)
 GET /new-in 200 in 63ms (compile: 3ms, render: 60ms)
 GET /new-in 200 in 72ms (compile: 7ms, render: 65ms)
 GET /new-in 200 in 71ms (compile: 3ms, render: 68ms)
 GET /new-in 200 in 60ms (compile: 6ms, render: 54ms)
 GET /new-in 200 in 59ms (compile: 2ms, render: 57ms)
✓ Compiled in 87ms
✓ Compiled in 55ms
 GET /new-in 200 in 73ms (compile: 8ms, render: 65ms)
 GET /new-in 200 in 56ms (compile: 2ms, render: 53ms)
 POST /api/checkout/session 200 in 699ms (compile: 80ms, render: 619ms)
 GET /checkout 200 in 359ms (compile: 121ms, render: 238ms)
 GET /new-in 200 in 108ms (compile: 13ms, render: 95ms)
 GET /new-in 200 in 70ms (compile: 2ms, render: 68ms)
 GET /checkout 200 in 47ms (compile: 4ms, render: 43ms)
 GET /checkout 200 in 47ms (compile: 3ms, render: 44ms)
 GET /new-in 200 in 83ms (compile: 13ms, render: 70ms)
 GET /new-in 200 in 74ms (compile: 1713µs, render: 73ms)
✓ Compiled in 66ms
Error creating checkout session (/api/checkout_sessions): No such price: 'price_xxx'
Error: No such price: 'price_xxx'
    at generateV1Error (/Users/bambo/Documents/WEBSITE/web_PLATANO_01/.next/dev/server/chunks/node_modules_4c070bcb._.js:16146:20)
    at res.toJSON.then.__TURBOPACK__imported__module__$5b$project$5d2f$node_modules$2f$stripe$2f$esm$2f$Error$2e$js__$5b$app$2d$route$5d$__$28$ecmascript$29$__.StripeAPIError.message (/Users/bambo/Documents/WEBSITE/web_PLATANO_01/.next/dev/server/chunks/node_modules_4c070bcb._.js:16501:191)
    at process.processTicksAndRejections (node:internal/process/task_queues:103:5)
 POST /api/checkout_sessions 500 in 1495ms (compile: 1122ms, render: 373ms)
 GET /new-in 200 in 63ms (compile: 6ms, render: 57ms)
 GET /new-in 200 in 58ms (compile: 1803µs, render: 56ms)
 GET /new-in 200 in 61ms (compile: 8ms, render: 53ms)
 GET /new-in 200 in 58ms (compile: 2ms, render: 56ms)
✓ Compiled in 155ms
 GET /new-in 200 in 101ms (compile: 15ms, render: 86ms)
 GET /new-in 200 in 61ms (compile: 2ms, render: 58ms)
 GET /checkout 200 in 242ms (compile: 86ms, render: 156ms)
 GET /new-in 200 in 64ms (compile: 6ms, render: 58ms)
 GET /new-in 200 in 56ms (compile: 2ms, render: 54ms)
✓ Compiled in 93ms
 GET /checkout 200 in 223ms (compile: 82ms, render: 140ms)
 POST /api/checkout/session 200 in 560ms (compile: 11ms, render: 549ms)
 GET /checkout 200 in 51ms (compile: 6ms, render: 46ms)
 GET /checkout 200 in 38ms (compile: 2ms, render: 36ms)
 GET /s26 200 in 40ms (compile: 26ms, render: 14ms)
 GET /new-in 200 in 55ms (compile: 6ms, render: 49ms)
 GET /new-in 200 in 58ms (compile: 3ms, render: 55ms)
